C51 COMPILER V9.56.0.0   MAINCODE                                                          12/03/2017 22:07:43 PAGE 1   


C51 COMPILER V9.56.0.0, COMPILATION OF MODULE MAINCODE
OBJECT MODULE PLACED IN .\Objects\MainCode.obj
COMPILER INVOKED BY: C:\Keil_v5\C51\BIN\C51.EXE MainCode.c OPTIMIZE(8,SPEED) BROWSE DEBUG OBJECTEXTEND PRINT(.\Listings\
                    -MainCode.lst) TABS(2) OBJECT(.\Objects\MainCode.obj)

line level    source

   1          #include <REG932.h>
   2          #include <Simon2.h>
   3          
   4          float quarter;
   5          float eighth;
   6          float half;
   7          float whole;
   8          unsigned char bpm;
   9          unsigned char mode;
  10          int cycles;
  11          int complement;
  12          
  13          void delay_t0(float ms);
  14          void calc_bpm(unsigned char bpm);
  15          
  16          void main() {
  17   1        mode = 0;
  18   1        calc_bpm(200);
  19   1      
  20   1        while(1) {
  21   2          if(SW7 == 0)
  22   2            mode = 1;
  23   2          else if(SW8 == 0)
  24   2            mode = 2;
  25   2          else if(SW9 == 0)
  26   2            mode = 3;
  27   2        }
  28   1      }
  29          
  30          
  31          void delay_t0(float ms) { 
  32   1        //Works up to 71 ms
  33   1        
  34   1        cycles = (ms*1000)/1.085;
  35   1        TMOD &= 0xF0;
  36   1        TMOD |= 0x01;
  37   1        
  38   1        complement = 0xFFFF-cycles+1;
  39   1        TH0 = complement >> 4;
  40   1        TL0 = complement && 0x0F;
  41   1        TR0 = 1;
  42   1        
  43   1        while (TF0 == 0)
  44   1        TR0 = 0;
  45   1        TF0 = 0;
  46   1      }
  47          
  48          void calc_bpm(unsigned char bpm) {
  49   1        quarter = 60 / bpm;
  50   1        eighth = quarter / 2;
  51   1        half = quarter * 2;
  52   1        whole = half * 2;
  53   1      }

C51 COMPILER V9.56.0.0   MAINCODE                                                          12/03/2017 22:07:43 PAGE 2   


MODULE INFORMATION:   STATIC OVERLAYABLE
   CODE SIZE        =    221    ----
   CONSTANT SIZE    =   ----    ----
   XDATA SIZE       =   ----    ----
   PDATA SIZE       =   ----    ----
   DATA SIZE        =     22       4
   IDATA SIZE       =   ----    ----
   BIT SIZE         =   ----    ----
END OF MODULE INFORMATION.


C51 COMPILATION COMPLETE.  0 WARNING(S),  0 ERROR(S)
